<?xml version="1.0" encoding="UTF-8"?>
<!-- Generated by org.testng.reporters.JUnitXMLReporter -->
<testsuite hostname="DESKTOP-D18P8VO" failures="0" tests="7" name="Shopping cart Tests" time="126.986" errors="0" timestamp="4 Apr 2021 19:31:20 GMT">
  <testcase classname="com.shopping.qa.testcases.LoginPageTest" name="verifyloginpagetitleTest" time="0.043"/>
  <testcase classname="com.shopping.qa.testcases.HomePageTest" name="verifyHomePageTitleTest" time="0.092"/>
  <testcase classname="com.shopping.qa.testcases.ShoppingRangePageTest" name="verify_label" time="0.266"/>
  <testcase classname="com.shopping.qa.testcases.LoginPageTest" name="verifylogotest" time="0.175"/>
  <testcase classname="com.shopping.qa.testcases.HomePageTest" name="verifyCustomerName" time="0.305"/>
  <testcase classname="com.shopping.qa.testcases.LoginPageTest" name="verifylogintest" time="5.213"/>
  <testcase classname="com.shopping.qa.testcases.HomePageTest" name="clickonShoppingrangePage" time="4.779"/>
</testsuite> <!-- Shopping cart Tests -->
