<?xml version="1.0" encoding="UTF-8"?>
<!-- Generated by org.testng.reporters.JUnitXMLReporter -->
<testsuite hostname="DESKTOP-D18P8VO" failures="0" tests="3" name="Default test" time="44.151" errors="0" timestamp="12 Apr 2021 10:20:15 GMT">
  <testcase classname="com.shopping.qa.testcases.LoginPageTest" name="verifyloginpagetitleTest" time="0.081"/>
  <testcase classname="com.shopping.qa.testcases.LoginPageTest" name="verifylogotest" time="0.205"/>
  <testcase classname="com.shopping.qa.testcases.LoginPageTest" name="verifylogintest" time="3.298"/>
</testsuite> <!-- Default test -->
