<?xml version="1.0" encoding="UTF-8"?>
<testng-results total="3" passed="3" failed="0" skipped="0">
  <reporter-output>
  </reporter-output>
  <suite started-at="2021-04-12T10:19:31Z" name="Default suite" finished-at="2021-04-12T10:20:15Z" duration-ms="44151">
    <groups>
    </groups>
    <test started-at="2021-04-12T10:19:31Z" name="Default test" finished-at="2021-04-12T10:20:15Z" duration-ms="44151">
      <class name="com.shopping.qa.testcases.LoginPageTest">
        <test-method is-config="true" signature="setup()[pri:0, instance:com.shopping.qa.testcases.LoginPageTest@21129f1f]" started-at="2021-04-12T15:49:31Z" name="setup" finished-at="2021-04-12T15:49:44Z" duration-ms="12985" status="PASS">
          <reporter-output>
          </reporter-output>
        </test-method> <!-- setup -->
        <test-method signature="verifyloginpagetitleTest()[pri:1, instance:com.shopping.qa.testcases.LoginPageTest@21129f1f]" started-at="2021-04-12T15:49:44Z" name="verifyloginpagetitleTest" finished-at="2021-04-12T15:49:44Z" duration-ms="81" status="PASS">
          <reporter-output>
          </reporter-output>
        </test-method> <!-- verifyloginpagetitleTest -->
        <test-method is-config="true" signature="tearDown()[pri:0, instance:com.shopping.qa.testcases.LoginPageTest@21129f1f]" started-at="2021-04-12T15:49:44Z" name="tearDown" finished-at="2021-04-12T15:49:46Z" duration-ms="2128" status="PASS">
          <reporter-output>
          </reporter-output>
        </test-method> <!-- tearDown -->
        <test-method is-config="true" signature="setup()[pri:0, instance:com.shopping.qa.testcases.LoginPageTest@21129f1f]" started-at="2021-04-12T15:49:46Z" name="setup" finished-at="2021-04-12T15:49:57Z" duration-ms="11439" status="PASS">
          <reporter-output>
          </reporter-output>
        </test-method> <!-- setup -->
        <test-method signature="verifylogotest()[pri:2, instance:com.shopping.qa.testcases.LoginPageTest@21129f1f]" started-at="2021-04-12T15:49:57Z" name="verifylogotest" finished-at="2021-04-12T15:49:58Z" duration-ms="205" status="PASS">
          <reporter-output>
          </reporter-output>
        </test-method> <!-- verifylogotest -->
        <test-method is-config="true" signature="tearDown()[pri:0, instance:com.shopping.qa.testcases.LoginPageTest@21129f1f]" started-at="2021-04-12T15:49:58Z" name="tearDown" finished-at="2021-04-12T15:49:58Z" duration-ms="903" status="PASS">
          <reporter-output>
          </reporter-output>
        </test-method> <!-- tearDown -->
        <test-method is-config="true" signature="setup()[pri:0, instance:com.shopping.qa.testcases.LoginPageTest@21129f1f]" started-at="2021-04-12T15:49:58Z" name="setup" finished-at="2021-04-12T15:50:10Z" duration-ms="11199" status="PASS">
          <reporter-output>
          </reporter-output>
        </test-method> <!-- setup -->
        <test-method signature="verifylogintest()[pri:3, instance:com.shopping.qa.testcases.LoginPageTest@21129f1f]" started-at="2021-04-12T15:50:10Z" name="verifylogintest" finished-at="2021-04-12T15:50:13Z" duration-ms="3298" status="PASS">
          <reporter-output>
          </reporter-output>
        </test-method> <!-- verifylogintest -->
        <test-method is-config="true" signature="tearDown()[pri:0, instance:com.shopping.qa.testcases.LoginPageTest@21129f1f]" started-at="2021-04-12T15:50:13Z" name="tearDown" finished-at="2021-04-12T15:50:15Z" duration-ms="1783" status="PASS">
          <reporter-output>
          </reporter-output>
        </test-method> <!-- tearDown -->
      </class> <!-- com.shopping.qa.testcases.LoginPageTest -->
    </test> <!-- Default test -->
  </suite> <!-- Default suite -->
</testng-results>
